timestamp: 2016-09-08T15:02:45.391050
CREATE TABLE scheduler_task(
    id SERIAL PRIMARY KEY,
    application_name VARCHAR(512),
    task_name VARCHAR(512),
    group_name VARCHAR(512),
    status VARCHAR(512),
    function_name VARCHAR(512),
    uuid VARCHAR(255) UNIQUE,
    args TEXT,
    vars TEXT,
    enabled CHAR(1),
    start_time TIMESTAMP,
    next_run_time TIMESTAMP,
    stop_time TIMESTAMP,
    repeats INTEGER,
    retry_failed INTEGER,
    period INTEGER,
    prevent_drift CHAR(1),
    timeout INTEGER,
    sync_output INTEGER,
    times_run INTEGER,
    times_failed INTEGER,
    last_run_time TIMESTAMP,
    assigned_worker_name VARCHAR(512)
);
